Using pre-set license
Built from '2020.3/staging' branch; Version is '2020.3.25f1 (9b9180224418) revision 10195328'; Using compiler version '192528614'; Build Type 'Release'
OS: 'Windows 11  (10.0.22621) 64bit Core' Language: 'en' Physical Memory: 16075 MB
BatchMode: 1, IsHumanControllingUs: 0, StartBugReporterOnCrash: 0, Is64bit: 1, IsPro: 0

COMMAND LINE ARGUMENTS:
C:\Program Files\Unity 2020.3.25f1\Editor\Unity.exe
-adb2
-batchMode
-noUpm
-name
AssetImportWorker0
-projectPath
C:/Users/saadk/OneDrive/Desktop/ece651_project-master/ece651_project-master/ece651Project
-logFile
Logs/AssetImportWorker0.log
-srvPort
56696
Successfully changed project path to: C:/Users/saadk/OneDrive/Desktop/ece651_project-master/ece651_project-master/ece651Project
C:/Users/saadk/OneDrive/Desktop/ece651_project-master/ece651_project-master/ece651Project
Using Asset Import Pipeline V2.
Refreshing native plugins compatible for Editor in 103.15 ms, found 3 plugins.
Preloading 0 native plugins for Editor in 0.00 ms.
Initialize engine version: 2020.3.25f1 (9b9180224418)
[Subsystems] Discovering subsystems at path C:/Program Files/Unity 2020.3.25f1/Editor/Data/Resources/UnitySubsystems
[Subsystems] Discovering subsystems at path C:/Users/saadk/OneDrive/Desktop/ece651_project-master/ece651_project-master/ece651Project/Assets
GfxDevice: creating device client; threaded=0
Direct3D:
    Version:  Direct3D 11.0 [level 11.1]
    Renderer: NVIDIA GeForce RTX 3050 Ti Laptop GPU (ID=0x25a0)
    Vendor:   
    VRAM:     3990 MB
    Driver:   30.0.15.1278
Initialize mono
Mono path[0] = 'C:/Program Files/Unity 2020.3.25f1/Editor/Data/Managed'
Mono path[1] = 'C:/Program Files/Unity 2020.3.25f1/Editor/Data/MonoBleedingEdge/lib/mono/unityjit'
Mono config path = 'C:/Program Files/Unity 2020.3.25f1/Editor/Data/MonoBleedingEdge/etc'
Using monoOptions --debugger-agent=transport=dt_socket,embedding=1,server=y,suspend=n,address=127.0.0.1:56792
Begin MonoManager ReloadAssembly
Registering precompiled unity dll's ...
Register platform support module: C:/Program Files/Unity 2020.3.25f1/Editor/Data/PlaybackEngines/WindowsStandaloneSupport/UnityEditor.WindowsStandalone.Extensions.dll
Registered in 0.004651 seconds.
Native extension for WindowsStandalone target not found
Refreshing native plugins compatible for Editor in 98.26 ms, found 3 plugins.
Preloading 0 native plugins for Editor in 0.00 ms.
Mono: successfully reloaded assembly
- Completed reload, in  0.823 seconds
Domain Reload Profiling:
	ReloadAssembly (824ms)
		BeginReloadAssembly (67ms)
			ExecutionOrderSort (0ms)
			DisableScriptedObjects (0ms)
			BackupInstance (0ms)
			ReleaseScriptingObjects (0ms)
			CreateAndSetChildDomain (1ms)
		EndReloadAssembly (648ms)
			LoadAssemblies (64ms)
			RebuildTransferFunctionScriptingTraits (0ms)
			SetupTypeCache (209ms)
			ReleaseScriptCaches (0ms)
			RebuildScriptCaches (35ms)
			SetupLoadedEditorAssemblies (273ms)
				LogAssemblyErrors (0ms)
				InitializePlatformSupportModulesInManaged (6ms)
				SetLoadedEditorAssemblies (0ms)
				RefreshPlugins (98ms)
				BeforeProcessingInitializeOnLoad (13ms)
				ProcessInitializeOnLoadAttributes (114ms)
				ProcessInitializeOnLoadMethodAttributes (41ms)
				AfterProcessingInitializeOnLoad (0ms)
				EditorAssembliesLoaded (0ms)
			ExecutionOrderSort2 (0ms)
			AwakeInstancesAfterBackupRestoration (0ms)
Platform modules already initialized, skipping
Registering precompiled user dll's ...
Registered in 0.011598 seconds.
Begin MonoManager ReloadAssembly
Native extension for WindowsStandalone target not found
Refreshing native plugins compatible for Editor in 0.67 ms, found 3 plugins.
Preloading 0 native plugins for Editor in 0.00 ms.
Mono: successfully reloaded assembly
- Completed reload, in  1.537 seconds
Domain Reload Profiling:
	ReloadAssembly (1538ms)
		BeginReloadAssembly (189ms)
			ExecutionOrderSort (0ms)
			DisableScriptedObjects (5ms)
			BackupInstance (0ms)
			ReleaseScriptingObjects (0ms)
			CreateAndSetChildDomain (30ms)
		EndReloadAssembly (1270ms)
			LoadAssemblies (122ms)
			RebuildTransferFunctionScriptingTraits (0ms)
			SetupTypeCache (518ms)
			ReleaseScriptCaches (1ms)
			RebuildScriptCaches (65ms)
			SetupLoadedEditorAssemblies (441ms)
				LogAssemblyErrors (0ms)
				InitializePlatformSupportModulesInManaged (5ms)
				SetLoadedEditorAssemblies (1ms)
				RefreshPlugins (1ms)
				BeforeProcessingInitializeOnLoad (102ms)
				ProcessInitializeOnLoadAttributes (317ms)
				ProcessInitializeOnLoadMethodAttributes (8ms)
				AfterProcessingInitializeOnLoad (8ms)
				EditorAssembliesLoaded (0ms)
			ExecutionOrderSort2 (0ms)
			AwakeInstancesAfterBackupRestoration (8ms)
Platform modules already initialized, skipping
========================================================================
Worker process is ready to serve import requests
Launched and connected shader compiler UnityShaderCompiler.exe after 0.08 seconds
Refreshing native plugins compatible for Editor in 0.91 ms, found 3 plugins.
Preloading 0 native plugins for Editor in 0.00 ms.
Unloading 2994 Unused Serialized files (Serialized files now loaded: 0)
System memory in use before: 108.3 MB.
System memory in use after: 108.5 MB.

Unloading 21 unused Assets to reduce memory usage. Loaded Objects now: 3426.
Total: 3.464800 ms (FindLiveObjects: 0.229700 ms CreateObjectMapping: 0.131100 ms MarkObjects: 3.015800 ms  DeleteObjects: 0.086700 ms)

AssetImportParameters requested are different than current active one (requested -> active):
  custom:framework-win-MediaFoundation: 216162199b28c13a410421893ffa2e32 -> 
  custom:video-decoder-ogg-theora: a1e56fd34408186e4bbccfd4996cb3dc -> 
  custom:container-muxer-webm: aa71ff27fc2769a1b78a27578f13a17b -> 
  custom:container-demuxer-webm: 4f35f7cbe854078d1ac9338744f61a02 -> 
  custom:container-demuxer-ogg: 62fdf1f143b41e24485cea50d1cbac27 -> 
  custom:video-encoder-webm-vp8: eb34c28f22e8b96e1ab97ce403110664 -> 
  custom:video-codec-MediaFoundation-h265: 746d11721c4dcdbdad8f713fa42b33f4 -> 
  custom:video-decoder-webm-vp8: 9c59270c3fd7afecdb556c50c9e8de78 -> 
  custom:audio-decoder-ogg-vorbis: bf7c407c2cedff20999df2af8eb42d56 -> 
  custom:audio-encoder-webm-vorbis: bf7c407c2cedff20999df2af8eb42d56 -> 
========================================================================
Received Import Request.
  path: Assets/Scripts
  artifactKey: Guid(b2b7715b0065e664f855f45888f9e746) Importer(815301076,1909f56bfc062723c751e8b465ee728b)
Start importing Assets/Scripts using Guid(b2b7715b0065e664f855f45888f9e746) Importer(815301076,1909f56bfc062723c751e8b465ee728b)  -> (artifact id: '705ce45bced87bae55c8bc889846faa1') in 0.020975 seconds 
  Import took 0.029289 seconds .

========================================================================
Received Import Request.
  Time since last request: 91.893110 seconds.
  path: Assets/Scripts/ant
  artifactKey: Guid(a1fd6793c6546bc4da94f17df345dc69) Importer(815301076,1909f56bfc062723c751e8b465ee728b)
Start importing Assets/Scripts/ant using Guid(a1fd6793c6546bc4da94f17df345dc69) Importer(815301076,1909f56bfc062723c751e8b465ee728b)  -> (artifact id: '4e46bdb49b437b00d7c66195f9fc26fe') in 0.017442 seconds 
  Import took 0.029007 seconds .

========================================================================
Received Import Request.
  Time since last request: 0.000692 seconds.
  path: Assets/Scripts/ant/Ant Script.asmdef
  artifactKey: Guid(90f5d6105b63f2d49af1c5a1ae8ebbc0) Importer(815301076,1909f56bfc062723c751e8b465ee728b)
Start importing Assets/Scripts/ant/Ant Script.asmdef using Guid(90f5d6105b63f2d49af1c5a1ae8ebbc0) Importer(815301076,1909f56bfc062723c751e8b465ee728b)  -> (artifact id: 'c6b75ce7b3ade95fbd7e4313261be410') in 0.088716 seconds 
  Import took 0.104046 seconds .

========================================================================
Received Import Request.
  Time since last request: 2.140338 seconds.
  path: Assets/Scripts/ant/ant.cs
  artifactKey: Guid(9c8701a22b01e5f4084c9561253d471b) Importer(815301076,1909f56bfc062723c751e8b465ee728b)
Start importing Assets/Scripts/ant/ant.cs using Guid(9c8701a22b01e5f4084c9561253d471b) Importer(815301076,1909f56bfc062723c751e8b465ee728b)  -> (artifact id: '2af65df64f17bd683249581a8712856f') in 0.027864 seconds 
  Import took 0.040571 seconds .

========================================================================
Received Prepare
Registering precompiled user dll's ...
Registered in 2.233816 seconds.
Begin MonoManager ReloadAssembly
Native extension for WindowsStandalone target not found
Refreshing native plugins compatible for Editor in 0.81 ms, found 3 plugins.
Preloading 0 native plugins for Editor in 0.00 ms.
Mono: successfully reloaded assembly
- Completed reload, in  4.573 seconds
Domain Reload Profiling:
	ReloadAssembly (4574ms)
		BeginReloadAssembly (163ms)
			ExecutionOrderSort (0ms)
			DisableScriptedObjects (8ms)
			BackupInstance (0ms)
			ReleaseScriptingObjects (0ms)
			CreateAndSetChildDomain (50ms)
		EndReloadAssembly (4273ms)
			LoadAssemblies (2990ms)
			RebuildTransferFunctionScriptingTraits (0ms)
			SetupTypeCache (535ms)
			ReleaseScriptCaches (2ms)
			RebuildScriptCaches (58ms)
			SetupLoadedEditorAssemblies (536ms)
				LogAssemblyErrors (0ms)
				InitializePlatformSupportModulesInManaged (7ms)
				SetLoadedEditorAssemblies (1ms)
				RefreshPlugins (1ms)
				BeforeProcessingInitializeOnLoad (96ms)
				ProcessInitializeOnLoadAttributes (410ms)
				ProcessInitializeOnLoadMethodAttributes (12ms)
				AfterProcessingInitializeOnLoad (9ms)
				EditorAssembliesLoaded (0ms)
			ExecutionOrderSort2 (0ms)
			AwakeInstancesAfterBackupRestoration (9ms)
Platform modules already initialized, skipping
Refreshing native plugins compatible for Editor in 0.92 ms, found 3 plugins.
Preloading 0 native plugins for Editor in 0.00 ms.
Unloading 2975 Unused Serialized files (Serialized files now loaded: 0)
System memory in use before: 106.9 MB.
System memory in use after: 107.1 MB.

Unloading 16 unused Assets to reduce memory usage. Loaded Objects now: 3429.
Total: 5.413100 ms (FindLiveObjects: 0.373700 ms CreateObjectMapping: 0.261100 ms MarkObjects: 4.735400 ms  DeleteObjects: 0.040900 ms)

AssetImportParameters requested are different than current active one (requested -> active):
  custom:framework-win-MediaFoundation: 216162199b28c13a410421893ffa2e32 -> 
  custom:video-decoder-ogg-theora: a1e56fd34408186e4bbccfd4996cb3dc -> 
  custom:container-muxer-webm: aa71ff27fc2769a1b78a27578f13a17b -> 
  custom:container-demuxer-webm: 4f35f7cbe854078d1ac9338744f61a02 -> 
  custom:container-demuxer-ogg: 62fdf1f143b41e24485cea50d1cbac27 -> 
  custom:video-encoder-webm-vp8: eb34c28f22e8b96e1ab97ce403110664 -> 
  custom:video-codec-MediaFoundation-h265: 746d11721c4dcdbdad8f713fa42b33f4 -> 
  custom:video-decoder-webm-vp8: 9c59270c3fd7afecdb556c50c9e8de78 -> 
  custom:audio-decoder-ogg-vorbis: bf7c407c2cedff20999df2af8eb42d56 -> 
  custom:audio-encoder-webm-vorbis: bf7c407c2cedff20999df2af8eb42d56 -> 
========================================================================
Received Import Request.
  Time since last request: 275.728010 seconds.
  path: Assets/Prefabs
  artifactKey: Guid(a636b0ca0f4891b4c96e44b4cca871e1) Importer(815301076,1909f56bfc062723c751e8b465ee728b)
Start importing Assets/Prefabs using Guid(a636b0ca0f4891b4c96e44b4cca871e1) Importer(815301076,1909f56bfc062723c751e8b465ee728b)  -> (artifact id: 'e65b18e8c2a3d650d8b601e4af46745e') in 0.030701 seconds 
  Import took 0.043250 seconds .

========================================================================
Received Import Request.
  Time since last request: 1.238596 seconds.
  path: Assets/Prefabs/Topping.prefab
  artifactKey: Guid(ca9879e46a015594491b831b8d070af3) Importer(815301076,1909f56bfc062723c751e8b465ee728b)
Start importing Assets/Prefabs/Topping.prefab using Guid(ca9879e46a015594491b831b8d070af3) Importer(815301076,1909f56bfc062723c751e8b465ee728b)  -> (artifact id: 'f0138e068bca3f78a82a6ff81a9e5686') in 0.122319 seconds 
  Import took 0.138580 seconds .

========================================================================
Received Import Request.
  Time since last request: 2.426759 seconds.
  path: Assets/Prefabs/ant_prefab
  artifactKey: Guid(b243b01b4bc476a408742a65160e20e9) Importer(815301076,1909f56bfc062723c751e8b465ee728b)
Start importing Assets/Prefabs/ant_prefab using Guid(b243b01b4bc476a408742a65160e20e9) Importer(815301076,1909f56bfc062723c751e8b465ee728b)  -> (artifact id: '005f9d93bcaf2cd5f0fabae3977965e6') in 0.019119 seconds 
  Import took 0.029799 seconds .

========================================================================
Received Import Request.
  Time since last request: 0.049371 seconds.
  path: Assets/Prefabs/ant_prefab/ant.prefab
  artifactKey: Guid(41d44d3a8e88efe47bbfc56c7163411e) Importer(815301076,1909f56bfc062723c751e8b465ee728b)
Start importing Assets/Prefabs/ant_prefab/ant.prefab using Guid(41d44d3a8e88efe47bbfc56c7163411e) Importer(815301076,1909f56bfc062723c751e8b465ee728b)  -> (artifact id: 'd7cbeb96fa64a56a861ce7873b651e31') in 0.024481 seconds 
  Import took 0.041530 seconds .

========================================================================
Received Import Request.
  Time since last request: 39.935701 seconds.
  path: Assets/Prefabs/DeadEnd/QuestionMark_Bottom.prefab
  artifactKey: Guid(f124a3fce1507f7449e628e7c7ef183d) Importer(815301076,1909f56bfc062723c751e8b465ee728b)
Start importing Assets/Prefabs/DeadEnd/QuestionMark_Bottom.prefab using Guid(f124a3fce1507f7449e628e7c7ef183d) Importer(815301076,1909f56bfc062723c751e8b465ee728b)  -> (artifact id: '86aee44d963dba5221b0d9556519b1b9') in 0.088927 seconds 
  Import took 0.110244 seconds .

========================================================================
Received Import Request.
  Time since last request: 0.000434 seconds.
  path: Assets/Prefabs/DeadEnd
  artifactKey: Guid(f8d6e876ae6b6b149848133d81bfce52) Importer(815301076,1909f56bfc062723c751e8b465ee728b)
Start importing Assets/Prefabs/DeadEnd using Guid(f8d6e876ae6b6b149848133d81bfce52) Importer(815301076,1909f56bfc062723c751e8b465ee728b)  -> (artifact id: '6435cc92989f70a6269617767d3d8852') in 0.020838 seconds 
  Import took 0.039297 seconds .

========================================================================
Received Import Request.
  Time since last request: 5.833595 seconds.
  path: Assets/Prefabs/Ketchup_prefab/Ketchup.prefab
  artifactKey: Guid(5d33e7a4ef822af498e77da2e5c31ac7) Importer(815301076,1909f56bfc062723c751e8b465ee728b)
Start importing Assets/Prefabs/Ketchup_prefab/Ketchup.prefab using Guid(5d33e7a4ef822af498e77da2e5c31ac7) Importer(815301076,1909f56bfc062723c751e8b465ee728b)  -> (artifact id: '5467a158fa80a410ac214d0d3650b64f') in 0.045658 seconds 
  Import took 0.058837 seconds .

========================================================================
Received Import Request.
  Time since last request: 0.000396 seconds.
  path: Assets/Prefabs/Ketchup_prefab
  artifactKey: Guid(e99e6a5762f8bde4fa57019eac518a88) Importer(815301076,1909f56bfc062723c751e8b465ee728b)
Start importing Assets/Prefabs/Ketchup_prefab using Guid(e99e6a5762f8bde4fa57019eac518a88) Importer(815301076,1909f56bfc062723c751e8b465ee728b)  -> (artifact id: '87904a31b457119cd609cd795bc0a968') in 0.035673 seconds 
  Import took 0.055165 seconds .

========================================================================
Received Prepare
Registering precompiled user dll's ...
Registered in 0.017009 seconds.
Begin MonoManager ReloadAssembly
Native extension for WindowsStandalone target not found
Refreshing native plugins compatible for Editor in 0.82 ms, found 3 plugins.
Preloading 0 native plugins for Editor in 0.00 ms.
Mono: successfully reloaded assembly
- Completed reload, in  2.829 seconds
Domain Reload Profiling:
	ReloadAssembly (2830ms)
		BeginReloadAssembly (312ms)
			ExecutionOrderSort (0ms)
			DisableScriptedObjects (13ms)
			BackupInstance (0ms)
			ReleaseScriptingObjects (0ms)
			CreateAndSetChildDomain (104ms)
		EndReloadAssembly (2356ms)
			LoadAssemblies (251ms)
			RebuildTransferFunctionScriptingTraits (0ms)
			SetupTypeCache (1047ms)
			ReleaseScriptCaches (4ms)
			RebuildScriptCaches (97ms)
			SetupLoadedEditorAssemblies (650ms)
				LogAssemblyErrors (0ms)
				InitializePlatformSupportModulesInManaged (12ms)
				SetLoadedEditorAssemblies (1ms)
				RefreshPlugins (1ms)
				BeforeProcessingInitializeOnLoad (151ms)
				ProcessInitializeOnLoadAttributes (458ms)
				ProcessInitializeOnLoadMethodAttributes (10ms)
				AfterProcessingInitializeOnLoad (16ms)
				EditorAssembliesLoaded (1ms)
			ExecutionOrderSort2 (0ms)
			AwakeInstancesAfterBackupRestoration (14ms)
Platform modules already initialized, skipping
Refreshing native plugins compatible for Editor in 0.90 ms, found 3 plugins.
Preloading 0 native plugins for Editor in 0.00 ms.
Unloading 2975 Unused Serialized files (Serialized files now loaded: 0)
System memory in use before: 107.0 MB.
System memory in use after: 107.2 MB.

Unloading 16 unused Assets to reduce memory usage. Loaded Objects now: 3432.
Total: 12.411400 ms (FindLiveObjects: 0.407000 ms CreateObjectMapping: 0.331400 ms MarkObjects: 11.637400 ms  DeleteObjects: 0.033700 ms)

AssetImportParameters requested are different than current active one (requested -> active):
  custom:framework-win-MediaFoundation: 216162199b28c13a410421893ffa2e32 -> 
  custom:video-decoder-ogg-theora: a1e56fd34408186e4bbccfd4996cb3dc -> 
  custom:container-muxer-webm: aa71ff27fc2769a1b78a27578f13a17b -> 
  custom:container-demuxer-webm: 4f35f7cbe854078d1ac9338744f61a02 -> 
  custom:container-demuxer-ogg: 62fdf1f143b41e24485cea50d1cbac27 -> 
  custom:video-encoder-webm-vp8: eb34c28f22e8b96e1ab97ce403110664 -> 
  custom:video-codec-MediaFoundation-h265: 746d11721c4dcdbdad8f713fa42b33f4 -> 
  custom:video-decoder-webm-vp8: 9c59270c3fd7afecdb556c50c9e8de78 -> 
  custom:audio-decoder-ogg-vorbis: bf7c407c2cedff20999df2af8eb42d56 -> 
  custom:audio-encoder-webm-vorbis: bf7c407c2cedff20999df2af8eb42d56 -> 
========================================================================
Received Import Request.
  Time since last request: 118.112110 seconds.
  path: Assets/Scripts/DeadEnd
  artifactKey: Guid(c6e9ea960dde2304dbc5770e065995a1) Importer(815301076,1909f56bfc062723c751e8b465ee728b)
Start importing Assets/Scripts/DeadEnd using Guid(c6e9ea960dde2304dbc5770e065995a1) Importer(815301076,1909f56bfc062723c751e8b465ee728b)  -> (artifact id: '03bf1ae5faa8d840a4e7317e3c04f9b8') in 0.023117 seconds 
  Import took 0.032353 seconds .

========================================================================
Received Import Request.
  Time since last request: 0.000329 seconds.
  path: Assets/Scripts/DeadEnd/WrongPath.cs
  artifactKey: Guid(12b2c86a6325fcf459773d01e5d77eae) Importer(815301076,1909f56bfc062723c751e8b465ee728b)
Start importing Assets/Scripts/DeadEnd/WrongPath.cs using Guid(12b2c86a6325fcf459773d01e5d77eae) Importer(815301076,1909f56bfc062723c751e8b465ee728b)  -> (artifact id: 'f2ba5229fcb927e4e03873445ae29556') in 0.017833 seconds 
  Import took 0.028801 seconds .

